[23:14:08] [Client thread/INFO]: Setting user: Player240
[23:14:10] [Client thread/INFO]: LWJGL Version: 2.9.1
[23:14:13] [Client thread/INFO]: Reloading ResourceManager: Default, FMLFileResourcePack:Forge Mod Loader, FMLFileResourcePack:Minecraft Forge, FMLFileResourcePack:SampleMod
[23:14:13] [Sound Library Loader/INFO]: Starting up SoundSystem...
[23:14:13] [Thread-9/INFO]: Initializing LWJGL OpenAL
[23:14:13] [Thread-9/INFO]: (The LWJGL binding of OpenAL.  For more information, see http://www.lwjgl.org)
[23:14:13] [Thread-9/INFO]: OpenAL initialized.
[23:14:14] [Sound Library Loader/INFO]: Sound engine started
[23:14:16] [Client thread/INFO]: Created: 512x512 textures-atlas
[23:14:17] [Client thread/INFO]: Reloading ResourceManager: Default, FMLFileResourcePack:Forge Mod Loader, FMLFileResourcePack:Minecraft Forge, FMLFileResourcePack:SampleMod
[23:14:17] [Client thread/INFO]: SoundSystem shutting down...
[23:14:17] [Client thread/WARN]: Author: Paul Lamb, www.paulscode.com
[23:14:17] [Sound Library Loader/INFO]: Starting up SoundSystem...
[23:14:18] [Thread-11/INFO]: Initializing LWJGL OpenAL
[23:14:18] [Thread-11/INFO]: (The LWJGL binding of OpenAL.  For more information, see http://www.lwjgl.org)
[23:14:18] [Thread-11/INFO]: OpenAL initialized.
[23:14:18] [Sound Library Loader/INFO]: Sound engine started
[23:14:20] [Client thread/INFO]: Created: 512x512 textures-atlas
[23:15:28] [Server thread/INFO]: Starting integrated minecraft server version 1.8
[23:15:28] [Server thread/INFO]: Generating keypair
[23:15:53] [Client thread/INFO]: Stopping!
